[proc 0][init_procCtrlTbl()] after init, proc njob:
589824, 589824, 589824, 589824, 
[task()] pop failed.
[task()] pop failed.
[task()] pop failed.
[task()] pop failed.
[task()] pop failed.
[task()] pop failed.
[task()] pop failed.
[task()] pop failed.
[task()] pop failed.
[task()] pop failed.
[task()] pop failed.
[task()] pop failed.
[task()] pop failed.
[MapQueue::remove()] key not found: 107
[MapQueue::remove()] key not found: 108
[MapQueue::remove()] key not found: 100
[MapQueue::remove()] key not found: 109
[MapQueue::remove()] key not found: 105
[MapQueue::remove()] key not found: 101
[MapQueue::remove()] key not found: 1772109
[MapQueue::remove()] key not found: 1772105
[MapQueue::remove()] key not found: 1772106
[MapQueue::remove()] key not found: 1772110
[MapQueue::remove()] key not found: 1772104
[MapQueue::remove()] key not found: 1772111
[MapQueue::remove()] key not found: 1772108
[dynamic_job_schedule()] maxNJob: 589824, maxNJobPid: 2, minNJob: 579663, minNJobPid: 0
[task()] pop failed.
[task()] pop failed.
[task()] pop failed.
[task()] pop failed.
[task()] pop failed.
[task()] pop failed.
[task()] pop failed.
[task()] pop failed.
[proc 2][dynamic_job_cancel()] recvSz: 5000, 1769471 - 1764472
[MapQueue::remove()] key not found: 10329
[MapQueue::remove()] key not found: 10336
[MapQueue::remove()] key not found: 10337
[MapQueue::remove()] key not found: 10332
[MapQueue::remove()] key not found: 10335
[MapQueue::remove()] key not found: 10331
[MapQueue::remove()] key not found: 10333
[MapQueue::remove()] key not found: 10338
[dynamic_job_schedule()] maxNJob: 587324, maxNJobPid: 1, minNJob: 574831, minNJobPid: 3
[proc 3][dynamic_job_receive()] recvSz: 5000, 1179647 - 1174648
[proc 1][dynamic_job_cancel()] recvSz: 5000, 1179647 - 1174648
[dynamic_job_schedule()] maxNJob: 582324, maxNJobPid: 1, minNJob: 571965, minNJobPid: 0
[task()] pop failed.
[task()] pop failed.
[proc 1][dynamic_job_cancel()] recvSz: 5000, 1174647 - 1169648
[MapQueue::remove()] key not found: 22979
[MapQueue::remove()] key not found: 22980
[dynamic_job_schedule()] maxNJob: 582324, maxNJobPid: 2, minNJob: 569831, minNJobPid: 3
[proc 3][dynamic_job_receive()] recvSz: 5000, 1764471 - 1759472
[proc 2][dynamic_job_cancel()] recvSz: 5000, 1764471 - 1759472
[dynamic_job_schedule()] maxNJob: 577324, maxNJobPid: 2, minNJob: 566778, minNJobPid: 0
[proc 2][dynamic_job_cancel()] recvSz: 5000, 1759471 - 1754472
[dynamic_job_schedule()] maxNJob: 574824, maxNJobPid: 1, minNJob: 564175, minNJobPid: 0
[proc 1][dynamic_job_cancel()] recvSz: 5000, 1169647 - 1164648
[dynamic_job_schedule()] maxNJob: 569824, maxNJobPid: 1, minNJob: 557331, minNJobPid: 3
[proc 3][dynamic_job_receive()] recvSz: 5000, 1164647 - 1159648
[proc 1][dynamic_job_cancel()] recvSz: 5000, 1164647 - 1159648
[dynamic_job_schedule()] maxNJob: 569824, maxNJobPid: 2, minNJob: 559027, minNJobPid: 0
[task()] pop failed.
[task()] pop failed.
[task()] pop failed.
[proc 2][dynamic_job_cancel()] recvSz: 5000, 1754471 - 1749472
[MapQueue::remove()] key not found: 50923
[MapQueue::remove()] key not found: 50920
[MapQueue::remove()] key not found: 50922
[dynamic_job_schedule()] maxNJob: 564824, maxNJobPid: 2, minNJob: 552331, minNJobPid: 3
[proc 3][dynamic_job_receive()] recvSz: 5000, 1749471 - 1744472
[proc 2][dynamic_job_cancel()] recvSz: 5000, 1749471 - 1744472
[dynamic_job_schedule()] maxNJob: 562324, maxNJobPid: 1, minNJob: 551352, minNJobPid: 0
[proc 1][dynamic_job_cancel()] recvSz: 5000, 1159647 - 1154648
[dynamic_job_schedule()] maxNJob: 557324, maxNJobPid: 1, minNJob: 546206, minNJobPid: 0
[task()] pop failed.
[task()] pop failed.
[task()] pop failed.
[task()] pop failed.
[task()] pop failed.
[task()] pop failed.
[proc 1][dynamic_job_cancel()] recvSz: 5000, 1154647 - 1149648
[dynamic_job_schedule()] maxNJob: 557324, maxNJobPid: 2, minNJob: 544831, minNJobPid: 3
[proc 3][dynamic_job_receive()] recvSz: 5000, 1744471 - 1739472
[proc 2][dynamic_job_cancel()] recvSz: 5000, 1744471 - 1739472
[MapQueue::remove()] key not found: 73699
[MapQueue::remove()] key not found: 73692
[MapQueue::remove()] key not found: 73696
[MapQueue::remove()] key not found: 73693
[MapQueue::remove()] key not found: 73695
[MapQueue::remove()] key not found: 73690
[dynamic_job_schedule()] maxNJob: 552324, maxNJobPid: 2, minNJob: 541035, minNJobPid: 0
[proc 2][dynamic_job_cancel()] recvSz: 5000, 1739471 - 1734472
[dynamic_job_schedule()] maxNJob: 549824, maxNJobPid: 1, minNJob: 537331, minNJobPid: 3
[proc 3][dynamic_job_receive()] recvSz: 5000, 1149647 - 1144648
[proc 1][dynamic_job_cancel()] recvSz: 5000, 1149647 - 1144648
[dynamic_job_schedule()] maxNJob: 544824, maxNJobPid: 1, minNJob: 533345, minNJobPid: 0
[task()] pop failed.
[task()] pop failed.
[task()] pop failed.
[task()] pop failed.
[task()] pop failed.
[task()] pop failed.
[task()] pop failed.
[proc 1][dynamic_job_cancel()] recvSz: 5000, 1144647 - 1139648
[dynamic_job_schedule()] maxNJob: 544824, maxNJobPid: 2, minNJob: 532331, minNJobPid: 3
[proc 3][dynamic_job_receive()] recvSz: 5000, 1734471 - 1729472
[proc 2][dynamic_job_cancel()] recvSz: 5000, 1734471 - 1729472
[MapQueue::remove()] key not found: 96573
[MapQueue::remove()] key not found: 96569
[MapQueue::remove()] key not found: 96577
[MapQueue::remove()] key not found: 96572
[MapQueue::remove()] key not found: 96578
[MapQueue::remove()] key not found: 96574
[MapQueue::remove()] key not found: 96575
[dynamic_job_schedule()] maxNJob: 539824, maxNJobPid: 2, minNJob: 528209, minNJobPid: 0
[task()] pop failed.
[task()] pop failed.
[task()] pop failed.
[task()] pop failed.
[task()] pop failed.
[proc 2][dynamic_job_cancel()] recvSz: 5000, 1729471 - 1724472
[MapQueue::remove()] key not found: 106699
[MapQueue::remove()] key not found: 106697
[MapQueue::remove()] key not found: 106694
[MapQueue::remove()] key not found: 106692
[MapQueue::remove()] key not found: 106691
[dynamic_job_schedule()] maxNJob: 537324, maxNJobPid: 1, minNJob: 524831, minNJobPid: 3
[proc 3][dynamic_job_receive()] recvSz: 5000, 1139647 - 1134648
[proc 1][dynamic_job_cancel()] recvSz: 5000, 1139647 - 1134648
[dynamic_job_schedule()] maxNJob: 534824, maxNJobPid: 2, minNJob: 523050, minNJobPid: 0
[proc 2][dynamic_job_cancel()] recvSz: 5000, 1724471 - 1719472
[dynamic_job_schedule()] maxNJob: 532324, maxNJobPid: 1, minNJob: 519831, minNJobPid: 3
[proc 3][dynamic_job_receive()] recvSz: 5000, 1134647 - 1129648
[proc 1][dynamic_job_cancel()] recvSz: 5000, 1134647 - 1129648
[dynamic_job_schedule()] maxNJob: 527324, maxNJobPid: 2, minNJob: 515371, minNJobPid: 0
[proc 2][dynamic_job_cancel()] recvSz: 5000, 1719471 - 1714472
[dynamic_job_schedule()] maxNJob: 524824, maxNJobPid: 1, minNJob: 512331, minNJobPid: 3
[proc 3][dynamic_job_receive()] recvSz: 5000, 1129647 - 1124648
[proc 1][dynamic_job_cancel()] recvSz: 5000, 1129647 - 1124648
[dynamic_job_schedule()] maxNJob: 522324, maxNJobPid: 2, minNJob: 510230, minNJobPid: 0
[task()] pop failed.
[task()] pop failed.
[task()] pop failed.
[task()] pop failed.
[task()] pop failed.
[task()] pop failed.
[proc 2][dynamic_job_cancel()] recvSz: 5000, 1714471 - 1709472
[dynamic_job_schedule()] maxNJob: 519824, maxNJobPid: 1, minNJob: 507331, minNJobPid: 3
[proc 3][dynamic_job_receive()] recvSz: 5000, 1124647 - 1119648
[proc 1][dynamic_job_cancel()] recvSz: 5000, 1124647 - 1119648
[MapQueue::remove()] key not found: 139689
[MapQueue::remove()] key not found: 139697
[MapQueue::remove()] key not found: 139690
[MapQueue::remove()] key not found: 139691
[MapQueue::remove()] key not found: 139698
[MapQueue::remove()] key not found: 139699
[dynamic_job_schedule()] maxNJob: 517324, maxNJobPid: 2, minNJob: 504831, minNJobPid: 3
[proc 3][dynamic_job_receive()] recvSz: 5000, 1709471 - 1704472
[proc 2][dynamic_job_cancel()] recvSz: 5000, 1709471 - 1704472
[dynamic_job_schedule()] maxNJob: 512324, maxNJobPid: 1, minNJob: 499989, minNJobPid: 0
[proc 1][dynamic_job_cancel()] recvSz: 5000, 1119647 - 1114648
[dynamic_job_schedule()] maxNJob: 509824, maxNJobPid: 2, minNJob: 497331, minNJobPid: 3
[proc 3][dynamic_job_receive()] recvSz: 5000, 1704471 - 1699472
[proc 2][dynamic_job_cancel()] recvSz: 5000, 1704471 - 1699472
[dynamic_job_schedule()] maxNJob: 507324, maxNJobPid: 1, minNJob: 494844, minNJobPid: 0
[proc 1][dynamic_job_cancel()] recvSz: 5000, 1114647 - 1109648
[dynamic_job_schedule()] maxNJob: 504824, maxNJobPid: 2, minNJob: 492331, minNJobPid: 3
[proc 3][dynamic_job_receive()] recvSz: 5000, 1699471 - 1694472
[proc 2][dynamic_job_cancel()] recvSz: 5000, 1699471 - 1694472
[dynamic_job_schedule()] maxNJob: 499824, maxNJobPid: 1, minNJob: 489687, minNJobPid: 0
[task()] pop failed.
[task()] pop failed.
[proc 1][dynamic_job_cancel()] recvSz: 5000, 1109647 - 1104648
[task()] pop failed.
[task()] pop failed.
[task()] pop failed.
[task()] pop failed.
[task()] pop failed.
[task()] pop failed.
[MapQueue::remove()] key not found: 175223
[MapQueue::remove()] key not found: 175229
[MapQueue::remove()] key not found: 175226
[MapQueue::remove()] key not found: 175227
[MapQueue::remove()] key not found: 175228
[MapQueue::remove()] key not found: 175219
[MapQueue::remove()] key not found: 175221
[MapQueue::remove()] key not found: 175222
[dynamic_job_schedule()] maxNJob: 497324, maxNJobPid: 2, minNJob: 484831, minNJobPid: 3
[proc 3][dynamic_job_receive()] recvSz: 5000, 1694471 - 1689472
[proc 2][dynamic_job_cancel()] recvSz: 5000, 1694471 - 1689472
[dynamic_job_schedule()] maxNJob: 494824, maxNJobPid: 1, minNJob: 484558, minNJobPid: 0
[proc 1][dynamic_job_cancel()] recvSz: 5000, 1104647 - 1099648
[dynamic_job_schedule()] maxNJob: 492324, maxNJobPid: 2, minNJob: 479831, minNJobPid: 3
[proc 3][dynamic_job_receive()] recvSz: 5000, 1689471 - 1684472
[proc 2][dynamic_job_cancel()] recvSz: 5000, 1689471 - 1684472
[dynamic_job_schedule()] maxNJob: 487324, maxNJobPid: 1, minNJob: 474831, minNJobPid: 3
[proc 3][dynamic_job_receive()] recvSz: 5000, 1099647 - 1094648
[proc 1][dynamic_job_cancel()] recvSz: 5000, 1099647 - 1094648
[dynamic_job_schedule()] maxNJob: 484824, maxNJobPid: 2, minNJob: 474365, minNJobPid: 0
[proc 2][dynamic_job_cancel()] recvSz: 5000, 1684471 - 1679472
[dynamic_job_schedule()] maxNJob: 482324, maxNJobPid: 1, minNJob: 469831, minNJobPid: 3
[proc 3][dynamic_job_receive()] recvSz: 5000, 1094647 - 1089648
[proc 1][dynamic_job_cancel()] recvSz: 5000, 1094647 - 1089648
[dynamic_job_schedule()] maxNJob: 479824, maxNJobPid: 2, minNJob: 467331, minNJobPid: 3
[proc 3][dynamic_job_receive()] recvSz: 5000, 1679471 - 1674472
[proc 2][dynamic_job_cancel()] recvSz: 5000, 1679471 - 1674472
[dynamic_job_schedule()] maxNJob: 474824, maxNJobPid: 1, minNJob: 464174, minNJobPid: 0
[proc 1][dynamic_job_cancel()] recvSz: 5000, 1089647 - 1084648
[dynamic_job_schedule()] maxNJob: 474824, maxNJobPid: 2, minNJob: 462331, minNJobPid: 3
[proc 3][dynamic_job_receive()] recvSz: 5000, 1674471 - 1669472
[proc 2][dynamic_job_cancel()] recvSz: 5000, 1674471 - 1669472
[dynamic_job_schedule()] maxNJob: 469824, maxNJobPid: 1, minNJob: 457331, minNJobPid: 3
[proc 3][dynamic_job_receive()] recvSz: 5000, 1084647 - 1079648
[proc 1][dynamic_job_cancel()] recvSz: 5000, 1084647 - 1079648
[dynamic_job_schedule()] maxNJob: 467324, maxNJobPid: 2, minNJob: 456517, minNJobPid: 0
[proc 2][dynamic_job_cancel()] recvSz: 5000, 1669471 - 1664472
[dynamic_job_schedule()] maxNJob: 462324, maxNJobPid: 1, minNJob: 449831, minNJobPid: 3
[proc 3][dynamic_job_receive()] recvSz: 5000, 1079647 - 1074648
[proc 1][dynamic_job_cancel()] recvSz: 5000, 1079647 - 1074648
[dynamic_job_schedule()] maxNJob: 462324, maxNJobPid: 2, minNJob: 449831, minNJobPid: 3
[proc 3][dynamic_job_receive()] recvSz: 5000, 1664471 - 1659472
[proc 2][dynamic_job_cancel()] recvSz: 5000, 1664471 - 1659472
[dynamic_job_schedule()] maxNJob: 457324, maxNJobPid: 1, minNJob: 446319, minNJobPid: 0
[proc 1][dynamic_job_cancel()] recvSz: 5000, 1074647 - 1069648
[dynamic_job_schedule()] maxNJob: 454824, maxNJobPid: 2, minNJob: 442331, minNJobPid: 3
[proc 3][dynamic_job_receive()] recvSz: 5000, 1659471 - 1654472
[proc 2][dynamic_job_cancel()] recvSz: 5000, 1659471 - 1654472
[dynamic_job_schedule()] maxNJob: 449824, maxNJobPid: 1, minNJob: 437331, minNJobPid: 3
[proc 3][dynamic_job_receive()] recvSz: 5000, 1069647 - 1064648
[proc 1][dynamic_job_cancel()] recvSz: 5000, 1069647 - 1064648
[dynamic_job_schedule()] maxNJob: 449824, maxNJobPid: 2, minNJob: 437331, minNJobPid: 3
[proc 3][dynamic_job_receive()] recvSz: 5000, 1654471 - 1649472
[proc 2][dynamic_job_cancel()] recvSz: 5000, 1654471 - 1649472
[dynamic_job_schedule()] maxNJob: 444824, maxNJobPid: 1, minNJob: 433582, minNJobPid: 0
[task()] pop failed.
[task()] pop failed.
[task()] pop failed.
[task()] pop failed.
[task()] pop failed.
[task()] pop failed.
[task()] pop failed.
[proc 1][dynamic_job_cancel()] recvSz: 5000, 1064647 - 1059648
[dynamic_job_schedule()] maxNJob: 444824, maxNJobPid: 2, minNJob: 432331, minNJobPid: 3
[proc 3][dynamic_job_receive()] recvSz: 5000, 1649471 - 1644472
[proc 2][dynamic_job_cancel()] recvSz: 5000, 1649471 - 1644472
[MapQueue::remove()] key not found: 261351
[MapQueue::remove()] key not found: 261357
[MapQueue::remove()] key not found: 261358
[MapQueue::remove()] key not found: 261356
[MapQueue::remove()] key not found: 261350
[MapQueue::remove()] key not found: 261359
[MapQueue::remove()] key not found: 261349
[dynamic_job_schedule()] maxNJob: 437324, maxNJobPid: 1, minNJob: 424831, minNJobPid: 3
[proc 3][dynamic_job_receive()] recvSz: 5000, 1059647 - 1054648
[proc 1][dynamic_job_cancel()] recvSz: 5000, 1059647 - 1054648
[dynamic_job_schedule()] maxNJob: 437324, maxNJobPid: 2, minNJob: 424831, minNJobPid: 3
[proc 3][dynamic_job_receive()] recvSz: 5000, 1644471 - 1639472
[proc 2][dynamic_job_cancel()] recvSz: 5000, 1644471 - 1639472
[dynamic_job_schedule()] maxNJob: 432324, maxNJobPid: 1, minNJob: 420864, minNJobPid: 0
[dynamic_job_schedule()] maxNJob: 432324, maxNJobPid: 2, minNJob: 419831, minNJobPid: 3
[proc 1][dynamic_job_cancel()] recvSz: 5000, 1054647 - 1049648
[proc 3][dynamic_job_receive()] recvSz: 5000, 1639471 - 1634472
[proc 2][dynamic_job_cancel()] recvSz: 5000, 1639471 - 1634472
[dynamic_job_schedule()] maxNJob: 424824, maxNJobPid: 1, minNJob: 412331, minNJobPid: 3
[proc 3][dynamic_job_receive()] recvSz: 5000, 1049647 - 1044648
[proc 1][dynamic_job_cancel()] recvSz: 5000, 1049647 - 1044648
[dynamic_job_schedule()] maxNJob: 424824, maxNJobPid: 2, minNJob: 412331, minNJobPid: 3
[proc 3][dynamic_job_receive()] recvSz: 5000, 1634471 - 1629472
[proc 2][dynamic_job_cancel()] recvSz: 5000, 1634471 - 1629472
[dynamic_job_schedule()] maxNJob: 419824, maxNJobPid: 1, minNJob: 407331, minNJobPid: 3
[proc 3][dynamic_job_receive()] recvSz: 5000, 1044647 - 1039648
[proc 1][dynamic_job_cancel()] recvSz: 5000, 1044647 - 1039648
[dynamic_job_schedule()] maxNJob: 419824, maxNJobPid: 2, minNJob: 408123, minNJobPid: 0
[task()] pop failed.
[proc 2][dynamic_job_cancel()] recvSz: 5000, 1629471 - 1624472
[task()] pop failed.
[task()] pop failed.
[task()] pop failed.
[task()] pop failed.
[task()] pop failed.
[task()] pop failed.
[task()] pop failed.
[dynamic_job_schedule()] maxNJob: 413123, maxNJobPid: 0, minNJob: 402331, minNJobPid: 3
[proc 3][dynamic_job_receive()] recvSz: 5000, 1624472 - 1629471
[MapQueue::remove()] key not found: 296772
[MapQueue::remove()] key not found: 296774
[MapQueue::remove()] key not found: 296776
[MapQueue::remove()] key not found: 296771
[MapQueue::remove()] key not found: 296770
[MapQueue::remove()] key not found: 296777
[MapQueue::remove()] key not found: 296773
[MapQueue::remove()] key not found: 296779
[dynamic_job_schedule()] maxNJob: 412324, maxNJobPid: 1, minNJob: 399831, minNJobPid: 3
[proc 3][dynamic_job_receive()] recvSz: 5000, 1039647 - 1034648
[proc 1][dynamic_job_cancel()] recvSz: 5000, 1039647 - 1034648
[dynamic_job_schedule()] maxNJob: 412324, maxNJobPid: 2, minNJob: 400519, minNJobPid: 0
[task()] pop failed.
[task()] pop failed.
[task()] pop failed.
[task()] pop failed.
[task()] pop failed.
[task()] pop failed.
[proc 2][dynamic_job_cancel()] recvSz: 5000, 1624471 - 1619472
[dynamic_job_schedule()] maxNJob: 407324, maxNJobPid: 1, minNJob: 394831, minNJobPid: 3
[proc 3][dynamic_job_receive()] recvSz: 5000, 1034647 - 1029648
[MapQueue::remove()] key not found: 304367
[proc 1][dynamic_job_cancel()] recvSz: 5000, 1034647 - 1029648
[MapQueue::remove()] key not found: 304360
[MapQueue::remove()] key not found: 304359
[MapQueue::remove()] key not found: 304361
[MapQueue::remove()] key not found: 304362
[MapQueue::remove()] key not found: 304363
[dynamic_job_schedule()] maxNJob: 407324, maxNJobPid: 2, minNJob: 394831, minNJobPid: 3
[proc 3][dynamic_job_receive()] recvSz: 5000, 1619471 - 1614472
[proc 2][dynamic_job_cancel()] recvSz: 5000, 1619471 - 1614472
[dynamic_job_schedule()] maxNJob: 402324, maxNJobPid: 2, minNJob: 389831, minNJobPid: 3
[proc 3][dynamic_job_receive()] recvSz: 5000, 1614471 - 1609472
[proc 2][dynamic_job_cancel()] recvSz: 5000, 1614471 - 1609472
[dynamic_job_schedule()] maxNJob: 399824, maxNJobPid: 1, minNJob: 387331, minNJobPid: 3
[proc 3][dynamic_job_receive()] recvSz: 5000, 1029647 - 1024648
[proc 1][dynamic_job_cancel()] recvSz: 5000, 1029647 - 1024648
[dynamic_job_schedule()] maxNJob: 394824, maxNJobPid: 1, minNJob: 382331, minNJobPid: 3
[proc 3][dynamic_job_receive()] recvSz: 5000, 1024647 - 1019648
[proc 1][dynamic_job_cancel()] recvSz: 5000, 1024647 - 1019648
[dynamic_job_schedule()] maxNJob: 394824, maxNJobPid: 2, minNJob: 382331, minNJobPid: 3
[proc 3][dynamic_job_receive()] recvSz: 5000, 1609471 - 1604472
[proc 2][dynamic_job_cancel()] recvSz: 5000, 1609471 - 1604472
[dynamic_job_schedule()] maxNJob: 390290, maxNJobPid: 0, minNJob: 379831, minNJobPid: 3
[proc 3][dynamic_job_receive()] recvSz: 5000, 1619472 - 1624471
[dynamic_job_schedule()] maxNJob: 387324, maxNJobPid: 1, minNJob: 374831, minNJobPid: 3
[proc 3][dynamic_job_receive()] recvSz: 5000, 1019647 - 1014648
[proc 1][dynamic_job_cancel()] recvSz: 5000, 1019647 - 1014648
[dynamic_job_schedule()] maxNJob: 387324, maxNJobPid: 2, minNJob: 374831, minNJobPid: 3
[proc 3][dynamic_job_receive()] recvSz: 5000, 1604471 - 1599472
[proc 2][dynamic_job_cancel()] recvSz: 5000, 1604471 - 1599472
[dynamic_job_schedule()] maxNJob: 382324, maxNJobPid: 2, minNJob: 369831, minNJobPid: 3
[proc 3][dynamic_job_receive()] recvSz: 5000, 1599471 - 1594472
[proc 2][dynamic_job_cancel()] recvSz: 5000, 1599471 - 1594472
[dynamic_job_schedule()] maxNJob: 379824, maxNJobPid: 1, minNJob: 367331, minNJobPid: 3
[proc 3][dynamic_job_receive()] recvSz: 5000, 1014647 - 1009648
[proc 1][dynamic_job_cancel()] recvSz: 5000, 1014647 - 1009648
[dynamic_job_schedule()] maxNJob: 377687, maxNJobPid: 0, minNJob: 367331, minNJobPid: 3
[proc 3][dynamic_job_receive()] recvSz: 5000, 1049648 - 1054647
[dynamic_job_schedule()] maxNJob: 374824, maxNJobPid: 1, minNJob: 362331, minNJobPid: 3
[proc 3][dynamic_job_receive()] recvSz: 5000, 1009647 - 1004648
[proc 1][dynamic_job_cancel()] recvSz: 5000, 1009647 - 1004648
[dynamic_job_schedule()] maxNJob: 374824, maxNJobPid: 2, minNJob: 362331, minNJobPid: 3
[proc 3][dynamic_job_receive()] recvSz: 5000, 1594471 - 1589472
[proc 2][dynamic_job_cancel()] recvSz: 5000, 1594471 - 1589472
[dynamic_job_schedule()] maxNJob: 369824, maxNJobPid: 2, minNJob: 357331, minNJobPid: 3
[proc 3][dynamic_job_receive()] recvSz: 5000, 1589471 - 1584472
[proc 2][dynamic_job_cancel()] recvSz: 5000, 1589471 - 1584472
[dynamic_job_schedule()] maxNJob: 367629, maxNJobPid: 0, minNJob: 357331, minNJobPid: 3
[proc 3][dynamic_job_receive()] recvSz: 5000, 1059648 - 1064647
[dynamic_job_schedule()] maxNJob: 367324, maxNJobPid: 1, minNJob: 354831, minNJobPid: 3
[proc 3][dynamic_job_receive()] recvSz: 5000, 1004647 - 999648
[proc 1][dynamic_job_cancel()] recvSz: 5000, 1004647 - 999648
[dynamic_job_schedule()] maxNJob: 362324, maxNJobPid: 2, minNJob: 349831, minNJobPid: 3
[proc 2][dynamic_job_cancel()] recvSz: 5000, 1584471 - 1579472
[proc 3][dynamic_job_receive()] recvSz: 5000, 1584471 - 1579472
[dynamic_job_schedule()] maxNJob: 359824, maxNJobPid: 1, minNJob: 347331, minNJobPid: 3
[proc 3][dynamic_job_receive()] recvSz: 5000, 999647 - 994648
[proc 1][dynamic_job_cancel()] recvSz: 5000, 999647 - 994648
[dynamic_job_schedule()] maxNJob: 357324, maxNJobPid: 2, minNJob: 344831, minNJobPid: 3
[proc 3][dynamic_job_receive()] recvSz: 5000, 1579471 - 1574472
[proc 2][dynamic_job_cancel()] recvSz: 5000, 1579471 - 1574472
[dynamic_job_schedule()] maxNJob: 355037, maxNJobPid: 0, minNJob: 344831, minNJobPid: 3
[proc 3][dynamic_job_receive()] recvSz: 5000, 1069648 - 1074647
[dynamic_job_schedule()] maxNJob: 354824, maxNJobPid: 1, minNJob: 342331, minNJobPid: 3
[proc 3][dynamic_job_receive()] recvSz: 5000, 994647 - 989648
[proc 1][dynamic_job_cancel()] recvSz: 5000, 994647 - 989648
[dynamic_job_schedule()] maxNJob: 349824, maxNJobPid: 2, minNJob: 337331, minNJobPid: 3
[proc 3][dynamic_job_receive()] recvSz: 5000, 1574471 - 1569472
[proc 2][dynamic_job_cancel()] recvSz: 5000, 1574471 - 1569472
[dynamic_job_schedule()] maxNJob: 347324, maxNJobPid: 1, minNJob: 334831, minNJobPid: 3
[proc 3][dynamic_job_receive()] recvSz: 5000, 989647 - 984648
[proc 1][dynamic_job_cancel()] recvSz: 5000, 989647 - 984648
[dynamic_job_schedule()] maxNJob: 344983, maxNJobPid: 0, minNJob: 334831, minNJobPid: 3
[proc 3][dynamic_job_receive()] recvSz: 5000, 1664472 - 1669471
[dynamic_job_schedule()] maxNJob: 342324, maxNJobPid: 1, minNJob: 329831, minNJobPid: 3
[proc 3][dynamic_job_receive()] recvSz: 5000, 984647 - 979648
[proc 1][dynamic_job_cancel()] recvSz: 5000, 984647 - 979648
[dynamic_job_schedule()] maxNJob: 342324, maxNJobPid: 2, minNJob: 329831, minNJobPid: 3
[proc 3][dynamic_job_receive()] recvSz: 5000, 1569471 - 1564472
[proc 2][dynamic_job_cancel()] recvSz: 5000, 1569471 - 1564472
[dynamic_job_schedule()] maxNJob: 337324, maxNJobPid: 2, minNJob: 324831, minNJobPid: 3
[proc 3][dynamic_job_receive()] recvSz: 5000, 1564471 - 1559472
[proc 2][dynamic_job_cancel()] recvSz: 5000, 1564471 - 1559472
[dynamic_job_schedule()] maxNJob: 334914, maxNJobPid: 0, minNJob: 324831, minNJobPid: 3
[proc 3][dynamic_job_receive()] recvSz: 5000, 1084648 - 1089647
[dynamic_job_schedule()] maxNJob: 334824, maxNJobPid: 1, minNJob: 322331, minNJobPid: 3
[proc 3][dynamic_job_receive()] recvSz: 5000, 979647 - 974648
[proc 1][dynamic_job_cancel()] recvSz: 5000, 979647 - 974648
[dynamic_job_schedule()] maxNJob: 327324, maxNJobPid: 2, minNJob: 317276, minNJobPid: 0
[task()] pop failed.
[task()] pop failed.
[proc 2][dynamic_job_cancel()] recvSz: 5000, 1559471 - 1554472
[MapQueue::remove()] key not found: 362660
[MapQueue::remove()] key not found: 362659
[dynamic_job_schedule()] maxNJob: 319824, maxNJobPid: 1, minNJob: 309646, minNJobPid: 0
[proc 1][dynamic_job_cancel()] recvSz: 5000, 974647 - 969648
[dynamic_job_schedule()] maxNJob: 312324, maxNJobPid: 2, minNJob: 299831, minNJobPid: 3
[proc 3][dynamic_job_receive()] recvSz: 5000, 1554471 - 1549472
[proc 2][dynamic_job_cancel()] recvSz: 5000, 1554471 - 1549472
[dynamic_job_schedule()] maxNJob: 299824, maxNJobPid: 1, minNJob: 289371, minNJobPid: 0
[proc 1][dynamic_job_cancel()] recvSz: 5000, 969647 - 964648
[dynamic_job_schedule()] maxNJob: 282324, maxNJobPid: 2, minNJob: 271671, minNJobPid: 0
[proc 2][dynamic_job_cancel()] recvSz: 5000, 1549471 - 1544472
[dynamic_job_schedule()] maxNJob: 274824, maxNJobPid: 1, minNJob: 262331, minNJobPid: 3
[proc 3][dynamic_job_receive()] recvSz: 5000, 964647 - 959648
[proc 1][dynamic_job_cancel()] recvSz: 5000, 964647 - 959648
[dynamic_job_schedule()] maxNJob: 267324, maxNJobPid: 2, minNJob: 254831, minNJobPid: 3
[proc 3][dynamic_job_receive()] recvSz: 5000, 1544471 - 1539472
[proc 2][dynamic_job_cancel()] recvSz: 5000, 1544471 - 1539472
[dynamic_job_schedule()] maxNJob: 237324, maxNJobPid: 1, minNJob: 224831, minNJobPid: 3
[proc 3][dynamic_job_receive()] recvSz: 5000, 959647 - 954648
[proc 1][dynamic_job_cancel()] recvSz: 5000, 959647 - 954648
[dynamic_job_schedule()] maxNJob: 227324, maxNJobPid: 2, minNJob: 216025, minNJobPid: 0
[task()] pop failed.
[task()] pop failed.
[task()] pop failed.
[task()] pop failed.
[task()] pop failed.
[task()] pop failed.
[task()] pop failed.
[proc 2][dynamic_job_cancel()] recvSz: 5000, 1539471 - 1534472
[task()] pop failed.
[MapQueue::remove()] key not found: 483880
[MapQueue::remove()] key not found: 483886
[MapQueue::remove()] key not found: 483885
[MapQueue::remove()] key not found: 483888
[MapQueue::remove()] key not found: 483883
[MapQueue::remove()] key not found: 483884
[MapQueue::remove()] key not found: 483889
[MapQueue::remove()] key not found: 483882
[dynamic_job_schedule()] maxNJob: 222324, maxNJobPid: 1, minNJob: 209831, minNJobPid: 3
[proc 1][dynamic_job_cancel()] recvSz: 5000, 954647 - 949648
[proc 3][dynamic_job_receive()] recvSz: 5000, 954647 - 949648
[dynamic_job_schedule()] maxNJob: 194824, maxNJobPid: 2, minNJob: 182331, minNJobPid: 3
[proc 3][dynamic_job_receive()] recvSz: 5000, 1534471 - 1529472
[proc 2][dynamic_job_cancel()] recvSz: 5000, 1534471 - 1529472
[dynamic_job_schedule()] maxNJob: 179824, maxNJobPid: 1, minNJob: 168066, minNJobPid: 0
[proc 1][dynamic_job_cancel()] recvSz: 5000, 949647 - 944648
[dynamic_job_schedule()] maxNJob: 142324, maxNJobPid: 1, minNJob: 129831, minNJobPid: 3
[proc 3][dynamic_job_receive()] recvSz: 5000, 944647 - 939648
[proc 1][dynamic_job_cancel()] recvSz: 5000, 944647 - 939648
[dynamic_job_schedule()] maxNJob: 127324, maxNJobPid: 2, minNJob: 115034, minNJobPid: 0
[proc 2][dynamic_job_cancel()] recvSz: 5000, 1529471 - 1524472
[dynamic_job_schedule()] maxNJob: 97324, maxNJobPid: 1, minNJob: 87248, minNJobPid: 0
[proc 1][dynamic_job_cancel()] recvSz: 5000, 939647 - 934648
[dynamic_job_schedule()] maxNJob: 84824, maxNJobPid: 1, minNJob: 74546, minNJobPid: 0
[task()] pop failed.
[task()] pop failed.
[proc 1][dynamic_job_cancel()] recvSz: 5000, 934647 - 929648
[task()] pop failed.
[task()] pop failed.
[task()] pop failed.
[task()] pop failed.
[MapQueue::remove()] key not found: 1718938
[MapQueue::remove()] key not found: 1718931
[MapQueue::remove()] key not found: 1718934
[MapQueue::remove()] key not found: 1718927
[MapQueue::remove()] key not found: 1718926
[MapQueue::remove()] key not found: 1718929
[dynamic_job_schedule()] maxNJob: 84824, maxNJobPid: 2, minNJob: 74503, minNJobPid: 0
[proc 2][dynamic_job_cancel()] recvSz: 5000, 1524471 - 1519472
[task()] pop failed.
[task()] pop failed.
[task()] pop failed.
[task()] pop failed.
[task()] pop failed.
[MapQueue::remove()] key not found: 1522532
[MapQueue::remove()] key not found: 1522526
[MapQueue::remove()] key not found: 1522531
[MapQueue::remove()] key not found: 1522534
[MapQueue::remove()] key not found: 1522527

[check_receive_terminate_signal()][proc 1] receive                                         terminate signal. Terminating...


[check_receive_terminate_signal()][proc 2] receive                                         terminate signal. Terminating...


[check_receive_terminate_signal()][proc 3] receive                                         terminate signal. Terminating...

