[proc 0][receive_completed_jobs()] from pid 0 recvSz: 2564
[proc 0][receive_completed_jobs()] from pid 3 recvSz: 2500
[proc 0][receive_completed_jobs()] from pid 1 recvSz: 2500
[proc 0][receive_completed_jobs()] from pid 2 recvSz: 2500
[proc 0][receive_completed_jobs()] from pid 0 recvSz: 5101
[proc 0][receive_completed_jobs()] from pid 3 recvSz: 5000
[proc 0][receive_completed_jobs()] from pid 1 recvSz: 5000
[proc 0][receive_completed_jobs()] from pid 2 recvSz: 5000
[proc 0][receive_completed_jobs()] from pid 0 recvSz: 7606
[proc 0][receive_completed_jobs()] from pid 3 recvSz: 7500
[proc 0][receive_completed_jobs()] from pid 0 recvSz: 10151
[proc 0][receive_completed_jobs()] from pid 1 recvSz: 7500
[proc 0][receive_completed_jobs()] from pid 2 recvSz: 7500
[proc 0][receive_completed_jobs()] from pid 3 recvSz: 10000
[proc 0][receive_completed_jobs()] from pid 0 recvSz: 12664
[proc 0][receive_completed_jobs()] from pid 1 recvSz: 10000
[proc 0][receive_completed_jobs()] from pid 2 recvSz: 10000
[proc 0][receive_completed_jobs()] from pid 0 recvSz: 15193
[proc 0][receive_completed_jobs()] from pid 3 recvSz: 12500
[proc 0][receive_completed_jobs()] from pid 0 recvSz: 17697
[proc 0][receive_completed_jobs()] from pid 1 recvSz: 12500
[proc 0][receive_completed_jobs()] from pid 2 recvSz: 12500
[proc 0][receive_completed_jobs()] from pid 3 recvSz: 15000
[proc 0][receive_completed_jobs()] from pid 0 recvSz: 20220
[proc 0][receive_completed_jobs()] from pid 3 recvSz: 17500
[proc 0][receive_completed_jobs()] from pid 1 recvSz: 15000
[proc 0][receive_completed_jobs()] from pid 2 recvSz: 15000
[proc 0][receive_completed_jobs()] from pid 0 recvSz: 22730
[proc 0][receive_completed_jobs()] from pid 3 recvSz: 20000
[proc 0][receive_completed_jobs()] from pid 1 recvSz: 17500
[proc 0][receive_completed_jobs()] from pid 2 recvSz: 17500
[proc 0][receive_completed_jobs()] from pid 0 recvSz: 25242
[proc 0][receive_completed_jobs()] from pid 3 recvSz: 22500
[proc 0][receive_completed_jobs()] from pid 0 recvSz: 27753
[proc 0][receive_completed_jobs()] from pid 1 recvSz: 20000
[proc 0][receive_completed_jobs()] from pid 2 recvSz: 20000
[proc 0][receive_completed_jobs()] from pid 3 recvSz: 25000
[proc 0][receive_completed_jobs()] from pid 0 recvSz: 30274
[proc 0][receive_completed_jobs()] from pid 3 recvSz: 27500
[proc 0][receive_completed_jobs()] from pid 1 recvSz: 22500
[proc 0][receive_completed_jobs()] from pid 2 recvSz: 22500
[proc 0][receive_completed_jobs()] from pid 0 recvSz: 32787
[proc 0][receive_completed_jobs()] from pid 3 recvSz: 30000
[proc 0][receive_completed_jobs()] from pid 0 recvSz: 35290
[proc 0][receive_completed_jobs()] from pid 1 recvSz: 25000
[proc 0][receive_completed_jobs()] from pid 2 recvSz: 25000
[proc 0][receive_completed_jobs()] from pid 0 recvSz: 37831
[proc 0][receive_completed_jobs()] from pid 3 recvSz: 32500
[proc 0][receive_completed_jobs()] from pid 1 recvSz: 27500
[proc 0][receive_completed_jobs()] from pid 2 recvSz: 27500
[proc 0][receive_completed_jobs()] from pid 3 recvSz: 35000
[proc 0][receive_completed_jobs()] from pid 0 recvSz: 40343
[proc 0][receive_completed_jobs()] from pid 0 recvSz: 42869
[proc 0][receive_completed_jobs()] from pid 2 recvSz: 30000
[proc 0][receive_completed_jobs()] from pid 3 recvSz: 37500
[proc 0][receive_completed_jobs()] from pid 1 recvSz: 30000
[proc 0][receive_completed_jobs()] from pid 0 recvSz: 45383
[proc 0][receive_completed_jobs()] from pid 3 recvSz: 40000
[proc 0][receive_completed_jobs()] from pid 2 recvSz: 32500
[proc 0][receive_completed_jobs()] from pid 1 recvSz: 32500
[proc 0][receive_completed_jobs()] from pid 0 recvSz: 47917
[proc 0][receive_completed_jobs()] from pid 3 recvSz: 42500
[proc 0][receive_completed_jobs()] from pid 2 recvSz: 35000
[proc 0][receive_completed_jobs()] from pid 0 recvSz: 50430
[proc 0][receive_completed_jobs()] from pid 1 recvSz: 35000
[proc 0][receive_completed_jobs()] from pid 3 recvSz: 45000
[proc 0][receive_completed_jobs()] from pid 0 recvSz: 52963
[proc 0][receive_completed_jobs()] from pid 2 recvSz: 37500
[proc 0][receive_completed_jobs()] from pid 3 recvSz: 47500
[proc 0][receive_completed_jobs()] from pid 1 recvSz: 37500
[proc 0][receive_completed_jobs()] from pid 0 recvSz: 55467
[proc 0][receive_completed_jobs()] from pid 2 recvSz: 40000
[proc 0][receive_completed_jobs()] from pid 3 recvSz: 50000
[proc 0][receive_completed_jobs()] from pid 0 recvSz: 57981
[proc 0][receive_completed_jobs()] from pid 1 recvSz: 40000
[proc 0][receive_completed_jobs()] from pid 3 recvSz: 52500
[proc 0][receive_completed_jobs()] from pid 0 recvSz: 60488
[proc 0][receive_completed_jobs()] from pid 2 recvSz: 42500
[proc 0][receive_completed_jobs()] from pid 3 recvSz: 55000
[proc 0][receive_completed_jobs()] from pid 1 recvSz: 42500
[proc 0][receive_completed_jobs()] from pid 0 recvSz: 63007
[proc 0][receive_completed_jobs()] from pid 2 recvSz: 45000
[proc 0][receive_completed_jobs()] from pid 0 recvSz: 65536
[proc 0][receive_completed_jobs()] from pid 3 recvSz: 57500
[proc 0][receive_completed_jobs()] from pid 1 recvSz: 45000
[proc 0][receive_completed_jobs()] from pid 2 recvSz: 47500
[proc 0][receive_completed_jobs()] from pid 3 recvSz: 60000
[proc 0][receive_completed_jobs()] from pid 0 recvSz: 68059
[proc 0][receive_completed_jobs()] from pid 1 recvSz: 47500
[proc 0][receive_completed_jobs()] from pid 2 recvSz: 50000
[proc 0][receive_completed_jobs()] from pid 0 recvSz: 70602
[proc 0][receive_completed_jobs()] from pid 3 recvSz: 62500
[proc 0][receive_completed_jobs()] from pid 0 recvSz: 73110
[proc 0][receive_completed_jobs()] from pid 1 recvSz: 50000
[proc 0][receive_completed_jobs()] from pid 2 recvSz: 52500
[proc 0][receive_completed_jobs()] from pid 3 recvSz: 65000
[proc 0][receive_completed_jobs()] from pid 0 recvSz: 75640
[proc 0][receive_completed_jobs()] from pid 3 recvSz: 67500
[proc 0][receive_completed_jobs()] from pid 1 recvSz: 52500
[proc 0][receive_completed_jobs()] from pid 2 recvSz: 55000
[proc 0][receive_completed_jobs()] from pid 0 recvSz: 78154
[proc 0][receive_completed_jobs()] from pid 3 recvSz: 70000
[proc 0][receive_completed_jobs()] from pid 2 recvSz: 57500
[proc 0][receive_completed_jobs()] from pid 0 recvSz: 80690
[proc 0][receive_completed_jobs()] from pid 1 recvSz: 55000
[proc 0][receive_completed_jobs()] from pid 3 recvSz: 72500
[proc 0][receive_completed_jobs()] from pid 0 recvSz: 83204
[proc 0][receive_completed_jobs()] from pid 1 recvSz: 57500
[proc 0][receive_completed_jobs()] from pid 2 recvSz: 60000
[proc 0][receive_completed_jobs()] from pid 3 recvSz: 75000
[proc 0][receive_completed_jobs()] from pid 0 recvSz: 85735
[proc 0][receive_completed_jobs()] from pid 3 recvSz: 77500
[proc 0][receive_completed_jobs()] from pid 2 recvSz: 62500
[proc 0][receive_completed_jobs()] from pid 1 recvSz: 60000
[proc 0][receive_completed_jobs()] from pid 0 recvSz: 88254
[proc 0][receive_completed_jobs()] from pid 3 recvSz: 80000
[proc 0][receive_completed_jobs()] from pid 0 recvSz: 90777
[proc 0][receive_completed_jobs()] from pid 1 recvSz: 62500
[proc 0][receive_completed_jobs()] from pid 2 recvSz: 65000
[proc 0][receive_completed_jobs()] from pid 3 recvSz: 82500
[proc 0][receive_completed_jobs()] from pid 0 recvSz: 93288
[proc 0][receive_completed_jobs()] from pid 2 recvSz: 67500
[proc 0][receive_completed_jobs()] from pid 1 recvSz: 65000
[proc 0][receive_completed_jobs()] from pid 3 recvSz: 85000
[proc 0][receive_completed_jobs()] from pid 0 recvSz: 95813
[proc 0][receive_completed_jobs()] from pid 0 recvSz: 98328
[proc 0][receive_completed_jobs()] from pid 2 recvSz: 70000
[proc 0][receive_completed_jobs()] from pid 3 recvSz: 87500
[proc 0][receive_completed_jobs()] from pid 1 recvSz: 67500
[proc 0][receive_completed_jobs()] from pid 3 recvSz: 90000
[proc 0][receive_completed_jobs()] from pid 0 recvSz: 100842
[proc 0][receive_completed_jobs()] from pid 2 recvSz: 72500
[proc 0][receive_completed_jobs()] from pid 1 recvSz: 70000
[proc 0][receive_completed_jobs()] from pid 0 recvSz: 103380
[proc 0][receive_completed_jobs()] from pid 3 recvSz: 92500
[proc 0][receive_completed_jobs()] from pid 2 recvSz: 75000
[proc 0][receive_completed_jobs()] from pid 0 recvSz: 105893
[proc 0][receive_completed_jobs()] from pid 3 recvSz: 95000
[proc 0][receive_completed_jobs()] from pid 1 recvSz: 72500
[proc 0][receive_completed_jobs()] from pid 0 recvSz: 108435
[proc 0][receive_completed_jobs()] from pid 2 recvSz: 77500
[proc 0][receive_completed_jobs()] from pid 3 recvSz: 97500
[proc 0][receive_completed_jobs()] from pid 1 recvSz: 75000
[proc 0][receive_completed_jobs()] from pid 0 recvSz: 110942
[proc 0][receive_completed_jobs()] from pid 3 recvSz: 100000
[proc 0][receive_completed_jobs()] from pid 2 recvSz: 80000
[proc 0][receive_completed_jobs()] from pid 0 recvSz: 113472
[proc 0][receive_completed_jobs()] from pid 3 recvSz: 102500
[proc 0][receive_completed_jobs()] from pid 1 recvSz: 77500
[proc 0][receive_completed_jobs()] from pid 2 recvSz: 82500
[proc 0][receive_completed_jobs()] from pid 0 recvSz: 115984
[proc 0][receive_completed_jobs()] from pid 3 recvSz: 105000
[proc 0][receive_completed_jobs()] from pid 1 recvSz: 80000
[proc 0][receive_completed_jobs()] from pid 3 recvSz: 107500
[proc 0][receive_completed_jobs()] from pid 0 recvSz: 118508
[proc 0][receive_completed_jobs()] from pid 2 recvSz: 85000
[proc 0][receive_completed_jobs()] from pid 0 recvSz: 121014
[proc 0][receive_completed_jobs()] from pid 3 recvSz: 110000
[proc 0][receive_completed_jobs()] from pid 1 recvSz: 82500
[proc 0][receive_completed_jobs()] from pid 2 recvSz: 87500
[proc 0][receive_completed_jobs()] from pid 3 recvSz: 112500
[proc 0][receive_completed_jobs()] from pid 0 recvSz: 123536
[proc 0][receive_completed_jobs()] from pid 1 recvSz: 85000
[proc 0][receive_completed_jobs()] from pid 2 recvSz: 90000
[proc 0][receive_completed_jobs()] from pid 3 recvSz: 115000
[proc 0][receive_completed_jobs()] from pid 0 recvSz: 126048
[proc 0][receive_completed_jobs()] from pid 3 recvSz: 117500
[proc 0][receive_completed_jobs()] from pid 0 recvSz: 128564
[proc 0][receive_completed_jobs()] from pid 2 recvSz: 92500
[proc 0][receive_completed_jobs()] from pid 1 recvSz: 87500
[proc 0][receive_completed_jobs()] from pid 3 recvSz: 120000
[proc 0][receive_completed_jobs()] from pid 0 recvSz: 131072
[proc 0][receive_completed_jobs()] from pid 2 recvSz: 95000
[proc 0][receive_completed_jobs()] from pid 3 recvSz: 122500
[proc 0][receive_completed_jobs()] from pid 1 recvSz: 90000
[proc 0][receive_completed_jobs()] from pid 0 recvSz: 133582
[proc 0][receive_completed_jobs()] from pid 3 recvSz: 125000
[proc 0][receive_completed_jobs()] from pid 2 recvSz: 97500
[proc 0][receive_completed_jobs()] from pid 0 recvSz: 136115
[proc 0][receive_completed_jobs()] from pid 1 recvSz: 92500
[proc 0][receive_completed_jobs()] from pid 3 recvSz: 127500
[proc 0][receive_completed_jobs()] from pid 2 recvSz: 100000
[proc 0][receive_completed_jobs()] from pid 0 recvSz: 138629
[proc 0][receive_completed_jobs()] from pid 3 recvSz: 130000
[proc 0][receive_completed_jobs()] from pid 1 recvSz: 95000
[proc 0][receive_completed_jobs()] from pid 2 recvSz: 102500
[proc 0][receive_completed_jobs()] from pid 0 recvSz: 141161
[proc 0][receive_completed_jobs()] from pid 3 recvSz: 132500
[proc 0][receive_completed_jobs()] from pid 3 recvSz: 135000
[proc 0][receive_completed_jobs()] from pid 1 recvSz: 97500
[proc 0][receive_completed_jobs()] from pid 0 recvSz: 143670
[proc 0][receive_completed_jobs()] from pid 2 recvSz: 105000
[proc 0][receive_completed_jobs()] from pid 3 recvSz: 137500
[proc 0][receive_completed_jobs()] from pid 0 recvSz: 146189
[proc 0][receive_completed_jobs()] from pid 2 recvSz: 107500
[proc 0][receive_completed_jobs()] from pid 3 recvSz: 140000
[proc 0][receive_completed_jobs()] from pid 1 recvSz: 100000
[proc 0][receive_completed_jobs()] from pid 0 recvSz: 148703
[proc 0][receive_completed_jobs()] from pid 3 recvSz: 142500
[proc 0][receive_completed_jobs()] from pid 2 recvSz: 110000
[proc 0][receive_completed_jobs()] from pid 1 recvSz: 102500
[proc 0][receive_completed_jobs()] from pid 3 recvSz: 145000
[proc 0][receive_completed_jobs()] from pid 0 recvSz: 151229
[proc 0][receive_completed_jobs()] from pid 2 recvSz: 112500
[proc 0][receive_completed_jobs()] from pid 3 recvSz: 147500
[proc 0][receive_completed_jobs()] from pid 0 recvSz: 153741
[proc 0][receive_completed_jobs()] from pid 1 recvSz: 105000
[proc 0][receive_completed_jobs()] from pid 3 recvSz: 150000
[proc 0][receive_completed_jobs()] from pid 2 recvSz: 115000
[proc 0][receive_completed_jobs()] from pid 0 recvSz: 156255
[proc 0][receive_completed_jobs()] from pid 3 recvSz: 152500
[proc 0][receive_completed_jobs()] from pid 1 recvSz: 107500
[proc 0][receive_completed_jobs()] from pid 2 recvSz: 117500
[proc 0][receive_completed_jobs()] from pid 0 recvSz: 158768
[proc 0][receive_completed_jobs()] from pid 3 recvSz: 155000
[proc 0][receive_completed_jobs()] from pid 3 recvSz: 157500
[proc 0][receive_completed_jobs()] from pid 2 recvSz: 120000
[proc 0][receive_completed_jobs()] from pid 1 recvSz: 110000
[proc 0][receive_completed_jobs()] from pid 0 recvSz: 161285
[proc 0][receive_completed_jobs()] from pid 3 recvSz: 160000
[proc 0][receive_completed_jobs()] from pid 0 recvSz: 163837
[proc 0][receive_completed_jobs()] from pid 2 recvSz: 122500
[proc 0][receive_completed_jobs()] from pid 1 recvSz: 112500
[proc 0][receive_completed_jobs()] from pid 3 recvSz: 162500
[proc 0][receive_completed_jobs()] from pid 3 recvSz: 165000
[proc 0][receive_completed_jobs()] from pid 0 recvSz: 166351
[proc 0][receive_completed_jobs()] from pid 2 recvSz: 125000
[proc 0][receive_completed_jobs()] from pid 1 recvSz: 115000
[proc 0][receive_completed_jobs()] from pid 3 recvSz: 167500
[proc 0][receive_completed_jobs()] from pid 0 recvSz: 168889
[proc 0][receive_completed_jobs()] from pid 2 recvSz: 127500
[proc 0][receive_completed_jobs()] from pid 3 recvSz: 170000
[proc 0][receive_completed_jobs()] from pid 1 recvSz: 117500
[proc 0][receive_completed_jobs()] from pid 0 recvSz: 171398
[proc 0][receive_completed_jobs()] from pid 3 recvSz: 172500
[proc 0][receive_completed_jobs()] from pid 2 recvSz: 130000
[proc 0][receive_completed_jobs()] from pid 3 recvSz: 175000
[proc 0][receive_completed_jobs()] from pid 0 recvSz: 173940
[proc 0][receive_completed_jobs()] from pid 1 recvSz: 120000
[proc 0][receive_completed_jobs()] from pid 2 recvSz: 132500
[proc 0][receive_completed_jobs()] from pid 3 recvSz: 177500
[proc 0][receive_completed_jobs()] from pid 0 recvSz: 176443
[proc 0][receive_completed_jobs()] from pid 3 recvSz: 180000
[proc 0][receive_completed_jobs()] from pid 2 recvSz: 135000
[proc 0][receive_completed_jobs()] from pid 1 recvSz: 122500
[proc 0][receive_completed_jobs()] from pid 3 recvSz: 182500
[proc 0][receive_completed_jobs()] from pid 0 recvSz: 178977
[proc 0][receive_completed_jobs()] from pid 2 recvSz: 137500
[proc 0][receive_completed_jobs()] from pid 3 recvSz: 185000
[proc 0][receive_completed_jobs()] from pid 1 recvSz: 125000
[proc 0][receive_completed_jobs()] from pid 0 recvSz: 181490
[proc 0][receive_completed_jobs()] from pid 3 recvSz: 187500
[proc 0][receive_completed_jobs()] from pid 2 recvSz: 140000
[proc 0][receive_completed_jobs()] from pid 1 recvSz: 127500
[proc 0][receive_completed_jobs()] from pid 3 recvSz: 190000
[proc 0][receive_completed_jobs()] from pid 0 recvSz: 184014
[proc 0][receive_completed_jobs()] from pid 2 recvSz: 142500
[proc 0][receive_completed_jobs()] from pid 3 recvSz: 192500
[proc 0][receive_completed_jobs()] from pid 1 recvSz: 130000
[proc 0][receive_completed_jobs()] from pid 0 recvSz: 186518
[proc 0][receive_completed_jobs()] from pid 3 recvSz: 195000
[proc 0][receive_completed_jobs()] from pid 2 recvSz: 145000
[proc 0][receive_completed_jobs()] from pid 3 recvSz: 197500
[proc 0][receive_completed_jobs()] from pid 1 recvSz: 132500
[proc 0][receive_completed_jobs()] from pid 0 recvSz: 189037
[proc 0][receive_completed_jobs()] from pid 2 recvSz: 147500
[proc 0][receive_completed_jobs()] from pid 3 recvSz: 200000
[proc 0][receive_completed_jobs()] from pid 1 recvSz: 135000
[proc 0][receive_completed_jobs()] from pid 3 recvSz: 202500
[proc 0][receive_completed_jobs()] from pid 0 recvSz: 191557
[proc 0][receive_completed_jobs()] from pid 2 recvSz: 150000
[proc 0][receive_completed_jobs()] from pid 3 recvSz: 205000
[proc 0][receive_completed_jobs()] from pid 1 recvSz: 137500
[proc 0][receive_completed_jobs()] from pid 0 recvSz: 194063
[proc 0][receive_completed_jobs()] from pid 3 recvSz: 207500
[proc 0][receive_completed_jobs()] from pid 2 recvSz: 152500
[proc 0][receive_completed_jobs()] from pid 3 recvSz: 210000
[proc 0][receive_completed_jobs()] from pid 1 recvSz: 140000
[proc 0][receive_completed_jobs()] from pid 0 recvSz: 196608
[proc 0][receive_completed_jobs()] from pid 3 recvSz: 212500
[proc 0][receive_completed_jobs()] from pid 2 recvSz: 155000
[proc 0][receive_completed_jobs()] from pid 1 recvSz: 142500
[proc 0][receive_completed_jobs()] from pid 3 recvSz: 215000
[proc 0][receive_completed_jobs()] from pid 0 recvSz: 199114
[proc 0][receive_completed_jobs()] from pid 3 recvSz: 217500
[proc 0][receive_completed_jobs()] from pid 2 recvSz: 157500
[proc 0][receive_completed_jobs()] from pid 1 recvSz: 145000
[proc 0][receive_completed_jobs()] from pid 3 recvSz: 220000
[proc 0][receive_completed_jobs()] from pid 0 recvSz: 201643
[proc 0][receive_completed_jobs()] from pid 1 recvSz: 147500
[proc 0][receive_completed_jobs()] from pid 3 recvSz: 222500
[proc 0][receive_completed_jobs()] from pid 2 recvSz: 160000
[proc 0][receive_completed_jobs()] from pid 3 recvSz: 225000
[proc 0][receive_completed_jobs()] from pid 0 recvSz: 204155
[proc 0][receive_completed_jobs()] from pid 1 recvSz: 150000
[proc 0][receive_completed_jobs()] from pid 3 recvSz: 227500
[proc 0][receive_completed_jobs()] from pid 2 recvSz: 162500
[proc 0][receive_completed_jobs()] from pid 0 recvSz: 206689
[proc 0][receive_completed_jobs()] from pid 3 recvSz: 230000
[proc 0][receive_completed_jobs()] from pid 1 recvSz: 152500
[proc 0][receive_completed_jobs()] from pid 2 recvSz: 165000
[proc 0][receive_completed_jobs()] from pid 3 recvSz: 232500
[proc 0][receive_completed_jobs()] from pid 0 recvSz: 209199
[proc 0][receive_completed_jobs()] from pid 3 recvSz: 235000
[proc 0][receive_completed_jobs()] from pid 1 recvSz: 155000
[proc 0][receive_completed_jobs()] from pid 2 recvSz: 167500
[proc 0][receive_completed_jobs()] from pid 3 recvSz: 237500
[proc 0][receive_completed_jobs()] from pid 0 recvSz: 211716
[proc 0][receive_completed_jobs()] from pid 1 recvSz: 157500
[proc 0][receive_completed_jobs()] from pid 3 recvSz: 240000
[proc 0][receive_completed_jobs()] from pid 2 recvSz: 170000
[proc 0][receive_completed_jobs()] from pid 3 recvSz: 242500
[proc 0][receive_completed_jobs()] from pid 0 recvSz: 214228
[proc 0][receive_completed_jobs()] from pid 1 recvSz: 160000
[proc 0][receive_completed_jobs()] from pid 3 recvSz: 245000
[proc 0][receive_completed_jobs()] from pid 2 recvSz: 172500
[proc 0][receive_completed_jobs()] from pid 3 recvSz: 247500
[proc 0][receive_completed_jobs()] from pid 1 recvSz: 162500
[proc 0][receive_completed_jobs()] from pid 0 recvSz: 216744
[proc 0][receive_completed_jobs()] from pid 3 recvSz: 250000
[proc 0][receive_completed_jobs()] from pid 2 recvSz: 175000
[proc 0][receive_completed_jobs()] from pid 3 recvSz: 252500
[proc 0][receive_completed_jobs()] from pid 1 recvSz: 165000
[proc 0][receive_completed_jobs()] from pid 0 recvSz: 219253
[proc 0][receive_completed_jobs()] from pid 3 recvSz: 255000
[proc 0][receive_completed_jobs()] from pid 2 recvSz: 177500
[proc 0][receive_completed_jobs()] from pid 3 recvSz: 257500
[proc 0][receive_completed_jobs()] from pid 1 recvSz: 167500
[proc 0][receive_completed_jobs()] from pid 0 recvSz: 221761
[proc 0][receive_completed_jobs()] from pid 3 recvSz: 260000
[proc 0][receive_completed_jobs()] from pid 2 recvSz: 180000
[proc 0][receive_completed_jobs()] from pid 3 recvSz: 262500
[proc 0][receive_completed_jobs()] from pid 1 recvSz: 170000
[proc 0][receive_completed_jobs()] from pid 0 recvSz: 224280
[proc 0][receive_completed_jobs()] from pid 2 recvSz: 182500
[proc 0][receive_completed_jobs()] from pid 3 recvSz: 265000
[proc 0][receive_completed_jobs()] from pid 1 recvSz: 172500
[proc 0][receive_completed_jobs()] from pid 0 recvSz: 226786
[proc 0][receive_completed_jobs()] from pid 3 recvSz: 267500
[proc 0][receive_completed_jobs()] from pid 2 recvSz: 185000
[proc 0][receive_completed_jobs()] from pid 0 recvSz: 229310
[proc 0][receive_completed_jobs()] from pid 1 recvSz: 175000
[proc 0][receive_completed_jobs()] from pid 2 recvSz: 187500
[proc 0][receive_completed_jobs()] from pid 3 recvSz: 270000
[proc 0][receive_completed_jobs()] from pid 1 recvSz: 177500
[proc 0][receive_completed_jobs()] from pid 0 recvSz: 231816
[proc 0][receive_completed_jobs()] from pid 2 recvSz: 190000
[proc 0][receive_completed_jobs()] from pid 3 recvSz: 272500
[proc 0][receive_completed_jobs()] from pid 2 recvSz: 192500
[proc 0][receive_completed_jobs()] from pid 0 recvSz: 234372
[proc 0][receive_completed_jobs()] from pid 1 recvSz: 180000
[proc 0][receive_completed_jobs()] from pid 3 recvSz: 275000
[proc 0][receive_completed_jobs()] from pid 3 recvSz: 277500
[proc 0][receive_completed_jobs()] from pid 1 recvSz: 182500
[proc 0][receive_completed_jobs()] from pid 0 recvSz: 236881
[proc 0][receive_completed_jobs()] from pid 2 recvSz: 195000
[proc 0][receive_completed_jobs()] from pid 2 recvSz: 197500
[proc 0][receive_completed_jobs()] from pid 3 recvSz: 280000
[proc 0][receive_completed_jobs()] from pid 0 recvSz: 239413
[proc 0][receive_completed_jobs()] from pid 1 recvSz: 185000
[proc 0][receive_completed_jobs()] from pid 2 recvSz: 200000
[proc 0][receive_completed_jobs()] from pid 0 recvSz: 241919
[proc 0][receive_completed_jobs()] from pid 1 recvSz: 187500
[proc 0][receive_completed_jobs()] from pid 3 recvSz: 282500
[proc 0][receive_completed_jobs()] from pid 3 recvSz: 285000
[proc 0][receive_completed_jobs()] from pid 2 recvSz: 202500
[proc 0][receive_completed_jobs()] from pid 0 recvSz: 244439
[proc 0][receive_completed_jobs()] from pid 1 recvSz: 190000
[proc 0][receive_completed_jobs()] from pid 3 recvSz: 287500
[proc 0][receive_completed_jobs()] from pid 2 recvSz: 205000
[proc 0][receive_completed_jobs()] from pid 0 recvSz: 246945
[proc 0][receive_completed_jobs()] from pid 1 recvSz: 192500
[proc 0][receive_completed_jobs()] from pid 2 recvSz: 207500
[proc 0][receive_completed_jobs()] from pid 3 recvSz: 290000
[proc 0][receive_completed_jobs()] from pid 0 recvSz: 249454
[proc 0][receive_completed_jobs()] from pid 1 recvSz: 195000
[proc 0][receive_completed_jobs()] from pid 2 recvSz: 210000
[proc 0][receive_completed_jobs()] from pid 3 recvSz: 292500
[proc 0][receive_completed_jobs()] from pid 0 recvSz: 251964
[proc 0][receive_completed_jobs()] from pid 2 recvSz: 212500
[proc 0][receive_completed_jobs()] from pid 1 recvSz: 197500
[proc 0][receive_completed_jobs()] from pid 3 recvSz: 295000
[proc 0][receive_completed_jobs()] from pid 2 recvSz: 215000
[proc 0][receive_completed_jobs()] from pid 0 recvSz: 254468
[proc 0][receive_completed_jobs()] from pid 1 recvSz: 200000
[proc 0][receive_completed_jobs()] from pid 2 recvSz: 217500
[proc 0][receive_completed_jobs()] from pid 3 recvSz: 297500
[proc 0][receive_completed_jobs()] from pid 0 recvSz: 257004
[proc 0][receive_completed_jobs()] from pid 2 recvSz: 220000
[proc 0][receive_completed_jobs()] from pid 3 recvSz: 300000
[proc 0][receive_completed_jobs()] from pid 1 recvSz: 202500
[proc 0][receive_completed_jobs()] from pid 0 recvSz: 259512
[proc 0][receive_completed_jobs()] from pid 2 recvSz: 222500
[proc 0][receive_completed_jobs()] from pid 3 recvSz: 302500
[proc 0][receive_completed_jobs()] from pid 1 recvSz: 205000
[proc 0][receive_completed_jobs()] from pid 0 recvSz: 262044
[proc 0][receive_completed_jobs()] from pid 2 recvSz: 225000
[proc 0][receive_completed_jobs()] from pid 3 recvSz: 305000
[proc 0][receive_completed_jobs()] from pid 0 recvSz: 264553
[proc 0][receive_completed_jobs()] from pid 2 recvSz: 227500
[proc 0][receive_completed_jobs()] from pid 1 recvSz: 207500
[proc 0][receive_completed_jobs()] from pid 3 recvSz: 307500
[proc 0][receive_completed_jobs()] from pid 2 recvSz: 230000
[proc 0][receive_completed_jobs()] from pid 1 recvSz: 210000
[proc 0][receive_completed_jobs()] from pid 0 recvSz: 267056
[proc 0][receive_completed_jobs()] from pid 2 recvSz: 232500
[proc 0][receive_completed_jobs()] from pid 3 recvSz: 310000
[proc 0][receive_completed_jobs()] from pid 0 recvSz: 269579
[proc 0][receive_completed_jobs()] from pid 1 recvSz: 212500
[proc 0][receive_completed_jobs()] from pid 2 recvSz: 235000
[proc 0][receive_completed_jobs()] from pid 3 recvSz: 312162
[proc 0][receive_completed_jobs()] from pid 3 recvSz: 312163
[proc 0][receive_completed_jobs()] from pid 3 recvSz: 312164
[proc 0][receive_completed_jobs()] from pid 0 recvSz: 272085
[proc 0][receive_completed_jobs()] from pid 2 recvSz: 237138
[proc 0][receive_completed_jobs()] from pid 2 recvSz: 237140
[proc 0][receive_completed_jobs()] from pid 2 recvSz: 237144
[proc 0][receive_completed_jobs()] from pid 1 recvSz: 215000
[proc 0][receive_completed_jobs()] from pid 0 recvSz: 274608
[proc 0][receive_completed_jobs()] from pid 1 recvSz: 217500
[proc 0][receive_completed_jobs()] from pid 0 recvSz: 277123
[proc 0][receive_completed_jobs()] from pid 0 recvSz: 277136
[proc 0][receive_completed_jobs()] from pid 0 recvSz: 277138
[proc 0][receive_completed_jobs()] from pid 0 recvSz: 277139
[proc 0][receive_completed_jobs()] from pid 0 recvSz: 277140
[proc 0][receive_completed_jobs()] from pid 0 recvSz: 277141
[proc 0][receive_completed_jobs()] from pid 0 recvSz: 277142
[proc 0][receive_completed_jobs()] from pid 0 recvSz: 277143
[proc 0][receive_completed_jobs()] from pid 0 recvSz: 277144
[proc 0][receive_completed_jobs()] from pid 1 recvSz: 220000
[proc 0][receive_completed_jobs()] from pid 1 recvSz: 222144
[proc 0][main()] b
[write_png()] a
[write_png()] b
[write_png()] c
[proc 0][main()] c
[proc 0][main()] d
